# JRE version: OpenJDK Runtime Environment Temurin-17.0.11+9 (17.0.11+9) (build 17.0.11+9)
# Java VM: OpenJDK Client VM Temurin-17.0.11+9 (17.0.11+9, mixed mode, emulated-client, serial gc, windows-x86)
GC Precious Log:
 CPUs: 8 total, 8 available
 Memory: 16076M
 Large Page Support: Disabled
 NUMA Support: Disabled
 Compressed Oops: Disabled
 Heap Min Capacity: 6M
 Heap Initial Capacity: 16M
 Heap Max Capacity: 1536M
 Pre-touch: Disabled
Heap:
 def new generation   total 176832K, used 104261K [0x05200000, 0x111d0000, 0x25200000)
  eden space 157248K,  58% used [0x05200000, 0x0ac20ff8, 0x0eb90000)
  from space 19584K,  61% used [0x0eb90000, 0x0f7405e8, 0x0feb0000)
  to   space 19584K,   0% used [0x0feb0000, 0x0feb0000, 0x111d0000)
 tenured generation   total 391572K, used 289106K [0x25200000, 0x3d065000, 0x65200000)
   the space 391572K,  73% used [0x25200000, 0x36c54940, 0x36c54a00, 0x3d065000)
 Metaspace       used 97044K, committed 97536K, reserved 98304K
GC Heap History (20 events):
Event: 293.796 GC heap before
{Heap before GC invocations=238 (full 7):
 def new generation   total 111040K, used 101140K [0x05200000, 0x0ca70000, 0x25200000)
  eden space 98752K,  99% used [0x05200000, 0x0b26fee8, 0x0b270000)
  from space 12288K,  19% used [0x0b270000, 0x0b4c51c0, 0x0be70000)
  to   space 12288K,   0% used [0x0be70000, 0x0be70000, 0x0ca70000)
 tenured generation   total 245644K, used 159832K [0x25200000, 0x341e3000, 0x65200000)
   the space 245644K,  65% used [0x25200000, 0x2ee163a0, 0x2ee16400, 0x341e3000)
 Metaspace       used 88146K, committed 88640K, reserved 98304K
}
Event: 293.834 GC heap after
{Heap after GC invocations=239 (full 7):
 def new generation   total 111040K, used 12288K [0x05200000, 0x0ca70000, 0x25200000)
  eden space 98752K,   0% used [0x05200000, 0x05200000, 0x0b270000)
  from space 12288K, 100% used [0x0be70000, 0x0ca70000, 0x0ca70000)
  to   space 12288K,   0% used [0x0b270000, 0x0b270000, 0x0be70000)
 tenured generation   total 245644K, used 167325K [0x25200000, 0x341e3000, 0x65200000)
   the space 245644K,  68% used [0x25200000, 0x2f567438, 0x2f567600, 0x341e3000)
 Metaspace       used 88146K, committed 88640K, reserved 98304K
}
Event: 294.643 GC heap before
{Heap before GC invocations=239 (full 7):
 def new generation   total 111040K, used 111040K [0x05200000, 0x0ca70000, 0x25200000)
  eden space 98752K, 100% used [0x05200000, 0x0b270000, 0x0b270000)
  from space 12288K, 100% used [0x0be70000, 0x0ca70000, 0x0ca70000)
  to   space 12288K,   0% used [0x0b270000, 0x0b270000, 0x0be70000)
 tenured generation   total 245644K, used 167325K [0x25200000, 0x341e3000, 0x65200000)
   the space 245644K,  68% used [0x25200000, 0x2f567438, 0x2f567600, 0x341e3000)
 Metaspace       used 90869K, committed 91392K, reserved 98304K
}
Event: 294.723 GC heap after
{Heap after GC invocations=240 (full 7):
 def new generation   total 111040K, used 12288K [0x05200000, 0x0ca70000, 0x25200000)
  eden space 98752K,   0% used [0x05200000, 0x05200000, 0x0b270000)
  from space 12288K, 100% used [0x0b270000, 0x0be70000, 0x0be70000)
  to   space 12288K,   0% used [0x0be70000, 0x0be70000, 0x0ca70000)
 tenured generation   total 245644K, used 186007K [0x25200000, 0x341e3000, 0x65200000)
   the space 245644K,  75% used [0x25200000, 0x307a5ef8, 0x307a6000, 0x341e3000)
 Metaspace       used 90869K, committed 91392K, reserved 98304K
}
Event: 294.917 GC heap before
{Heap before GC invocations=240 (full 7):
 def new generation   total 111040K, used 111040K [0x05200000, 0x0ca70000, 0x25200000)
  eden space 98752K, 100% used [0x05200000, 0x0b270000, 0x0b270000)
  from space 12288K, 100% used [0x0b270000, 0x0be70000, 0x0be70000)
  to   space 12288K,   0% used [0x0be70000, 0x0be70000, 0x0ca70000)
 tenured generation   total 245644K, used 186007K [0x25200000, 0x341e3000, 0x65200000)
   the space 245644K,  75% used [0x25200000, 0x307a5ef8, 0x307a6000, 0x341e3000)
 Metaspace       used 90877K, committed 91392K, reserved 98304K
}
Event: 295.084 GC heap after
{Heap after GC invocations=241 (full 7):
 def new generation   total 111040K, used 12288K [0x05200000, 0x0ca70000, 0x25200000)
  eden space 98752K,   0% used [0x05200000, 0x05200000, 0x0b270000)
  from space 12288K, 100% used [0x0be70000, 0x0ca70000, 0x0ca70000)
  to   space 12288K,   0% used [0x0b270000, 0x0b270000, 0x0be70000)
 tenured generation   total 245644K, used 205540K [0x25200000, 0x341e3000, 0x65200000)
   the space 245644K,  83% used [0x25200000, 0x31ab91d0, 0x31ab9200, 0x341e3000)
 Metaspace       used 90877K, committed 91392K, reserved 98304K
}
Event: 295.382 GC heap before
{Heap before GC invocations=241 (full 7):
 def new generation   total 111040K, used 111040K [0x05200000, 0x0ca70000, 0x25200000)
  eden space 98752K, 100% used [0x05200000, 0x0b270000, 0x0b270000)
  from space 12288K, 100% used [0x0be70000, 0x0ca70000, 0x0ca70000)
  to   space 12288K,   0% used [0x0b270000, 0x0b270000, 0x0be70000)
 tenured generation   total 245644K, used 205540K [0x25200000, 0x341e3000, 0x65200000)
   the space 245644K,  83% used [0x25200000, 0x31ab91d0, 0x31ab9200, 0x341e3000)
 Metaspace       used 90908K, committed 91392K, reserved 98304K
}
Event: 295.582 GC heap after
{Heap after GC invocations=242 (full 7):
 def new generation   total 111040K, used 12287K [0x05200000, 0x0ca70000, 0x25200000)
  eden space 98752K,   0% used [0x05200000, 0x05200000, 0x0b270000)
  from space 12288K,  99% used [0x0b270000, 0x0be6fff8, 0x0be70000)
  to   space 12288K,   0% used [0x0be70000, 0x0be70000, 0x0ca70000)
 tenured generation   total 245644K, used 226430K [0x25200000, 0x341e3000, 0x65200000)
   the space 245644K,  92% used [0x25200000, 0x32f1fbb8, 0x32f1fc00, 0x341e3000)
 Metaspace       used 90908K, committed 91392K, reserved 98304K
}
Event: 296.311 GC heap before
{Heap before GC invocations=242 (full 7):
 def new generation   total 111040K, used 111039K [0x05200000, 0x0ca70000, 0x25200000)
  eden space 98752K, 100% used [0x05200000, 0x0b270000, 0x0b270000)
  from space 12288K,  99% used [0x0b270000, 0x0be6fff8, 0x0be70000)
  to   space 12288K,   0% used [0x0be70000, 0x0be70000, 0x0ca70000)
 tenured generation   total 245644K, used 226430K [0x25200000, 0x341e3000, 0x65200000)
   the space 245644K,  92% used [0x25200000, 0x32f1fbb8, 0x32f1fc00, 0x341e3000)
 Metaspace       used 90908K, committed 91392K, reserved 98304K
}
Event: 296.496 GC heap after
{Heap after GC invocations=243 (full 7):
 def new generation   total 111040K, used 12288K [0x05200000, 0x0ca70000, 0x25200000)
  eden space 98752K,   0% used [0x05200000, 0x05200000, 0x0b270000)
  from space 12288K, 100% used [0x0be70000, 0x0ca70000, 0x0ca70000)
  to   space 12288K,   0% used [0x0b270000, 0x0b270000, 0x0be70000)
 tenured generation   total 249740K, used 249668K [0x25200000, 0x345e3000, 0x65200000)
   the space 249740K,  99% used [0x25200000, 0x345d1240, 0x345d1400, 0x345e3000)
 Metaspace       used 90908K, committed 91392K, reserved 98304K
}
Event: 296.496 GC heap before
{Heap before GC invocations=243 (full 7):
 def new generation   total 111040K, used 12288K [0x05200000, 0x0ca70000, 0x25200000)
  eden space 98752K,   0% used [0x05200000, 0x05200000, 0x0b270000)
  from space 12288K, 100% used [0x0be70000, 0x0ca70000, 0x0ca70000)
  to   space 12288K,   0% used [0x0b270000, 0x0b270000, 0x0be70000)
 tenured generation   total 249740K, used 249668K [0x25200000, 0x345e3000, 0x65200000)
   the space 249740K,  99% used [0x25200000, 0x345d1240, 0x345d1400, 0x345e3000)
 Metaspace       used 90908K, committed 91392K, reserved 98304K
}
Event: 297.409 GC heap after
{Heap after GC invocations=243 (full 8):
 def new generation   total 176832K, used 0K [0x05200000, 0x111d0000, 0x25200000)
  eden space 157248K,   0% used [0x05200000, 0x05200000, 0x0eb90000)
  from space 19584K,   0% used [0x0eb90000, 0x0eb90000, 0x0feb0000)
  to   space 19584K,   0% used [0x0feb0000, 0x0feb0000, 0x111d0000)
 tenured generation   total 391572K, used 234942K [0x25200000, 0x3d065000, 0x65200000)
   the space 391572K,  59% used [0x25200000, 0x3376f870, 0x3376fa00, 0x3d065000)
 Metaspace       used 90899K, committed 91392K, reserved 98304K
}
Event: 299.270 GC heap before
{Heap before GC invocations=243 (full 8):
 def new generation   total 176832K, used 157248K [0x05200000, 0x111d0000, 0x25200000)
  eden space 157248K, 100% used [0x05200000, 0x0eb90000, 0x0eb90000)
  from space 19584K,   0% used [0x0eb90000, 0x0eb90000, 0x0feb0000)
  to   space 19584K,   0% used [0x0feb0000, 0x0feb0000, 0x111d0000)
 tenured generation   total 391572K, used 234942K [0x25200000, 0x3d065000, 0x65200000)
   the space 391572K,  59% used [0x25200000, 0x3376f870, 0x3376fa00, 0x3d065000)
 Metaspace       used 92372K, committed 92864K, reserved 98304K
}
Event: 299.486 GC heap after
{Heap after GC invocations=244 (full 8):
 def new generation   total 176832K, used 19584K [0x05200000, 0x111d0000, 0x25200000)
  eden space 157248K,   0% used [0x05200000, 0x05200000, 0x0eb90000)
  from space 19584K, 100% used [0x0feb0000, 0x111d0000, 0x111d0000)
  to   space 19584K,   0% used [0x0eb90000, 0x0eb90000, 0x0feb0000)
 tenured generation   total 391572K, used 245208K [0x25200000, 0x3d065000, 0x65200000)
   the space 391572K,  62% used [0x25200000, 0x34176388, 0x34176400, 0x3d065000)
 Metaspace       used 92372K, committed 92864K, reserved 98304K
}
Event: 300.168 GC heap before
{Heap before GC invocations=244 (full 8):
 def new generation   total 176832K, used 176832K [0x05200000, 0x111d0000, 0x25200000)
  eden space 157248K, 100% used [0x05200000, 0x0eb90000, 0x0eb90000)
  from space 19584K, 100% used [0x0feb0000, 0x111d0000, 0x111d0000)
  to   space 19584K,   0% used [0x0eb90000, 0x0eb90000, 0x0feb0000)
 tenured generation   total 391572K, used 245208K [0x25200000, 0x3d065000, 0x65200000)
   the space 391572K,  62% used [0x25200000, 0x34176388, 0x34176400, 0x3d065000)
 Metaspace       used 93690K, committed 94208K, reserved 98304K
}
Event: 300.252 GC heap after
{Heap after GC invocations=245 (full 8):
 def new generation   total 176832K, used 2255K [0x05200000, 0x111d0000, 0x25200000)
  eden space 157248K,   0% used [0x05200000, 0x05200000, 0x0eb90000)
  from space 19584K,  11% used [0x0eb90000, 0x0edc3c68, 0x0feb0000)
  to   space 19584K,   0% used [0x0feb0000, 0x0feb0000, 0x111d0000)
 tenured generation   total 391572K, used 264753K [0x25200000, 0x3d065000, 0x65200000)
   the space 391572K,  67% used [0x25200000, 0x3548c680, 0x3548c800, 0x3d065000)
 Metaspace       used 93690K, committed 94208K, reserved 98304K
}
Event: 302.196 GC heap before
{Heap before GC invocations=245 (full 8):
 def new generation   total 176832K, used 159503K [0x05200000, 0x111d0000, 0x25200000)
  eden space 157248K, 100% used [0x05200000, 0x0eb90000, 0x0eb90000)
  from space 19584K,  11% used [0x0eb90000, 0x0edc3c68, 0x0feb0000)
  to   space 19584K,   0% used [0x0feb0000, 0x0feb0000, 0x111d0000)
 tenured generation   total 391572K, used 264753K [0x25200000, 0x3d065000, 0x65200000)
   the space 391572K,  67% used [0x25200000, 0x3548c680, 0x3548c800, 0x3d065000)
 Metaspace       used 94782K, committed 95296K, reserved 98304K
}
Event: 302.287 GC heap after
{Heap after GC invocations=246 (full 8):
 def new generation   total 176832K, used 19584K [0x05200000, 0x111d0000, 0x25200000)
  eden space 157248K,   0% used [0x05200000, 0x05200000, 0x0eb90000)
  from space 19584K, 100% used [0x0feb0000, 0x111d0000, 0x111d0000)
  to   space 19584K,   0% used [0x0eb90000, 0x0eb90000, 0x0feb0000)
 tenured generation   total 391572K, used 269886K [0x25200000, 0x3d065000, 0x65200000)
   the space 391572K,  68% used [0x25200000, 0x3598fb68, 0x3598fc00, 0x3d065000)
 Metaspace       used 94782K, committed 95296K, reserved 98304K
}
Event: 304.010 GC heap before
{Heap before GC invocations=246 (full 8):
 def new generation   total 176832K, used 176832K [0x05200000, 0x111d0000, 0x25200000)
  eden space 157248K, 100% used [0x05200000, 0x0eb90000, 0x0eb90000)
  from space 19584K, 100% used [0x0feb0000, 0x111d0000, 0x111d0000)
  to   space 19584K,   0% used [0x0eb90000, 0x0eb90000, 0x0feb0000)
 tenured generation   total 391572K, used 269886K [0x25200000, 0x3d065000, 0x65200000)
   the space 391572K,  68% used [0x25200000, 0x3598fb68, 0x3598fc00, 0x3d065000)
 Metaspace       used 96565K, committed 97088K, reserved 98304K
}
Event: 304.142 GC heap after
{Heap after GC invocations=247 (full 8):
 def new generation   total 176832K, used 11969K [0x05200000, 0x111d0000, 0x25200000)
  eden space 157248K,   0% used [0x05200000, 0x05200000, 0x0eb90000)
  from space 19584K,  61% used [0x0eb90000, 0x0f7405e8, 0x0feb0000)
  to   space 19584K,   0% used [0x0feb0000, 0x0feb0000, 0x111d0000)
 tenured generation   total 391572K, used 289106K [0x25200000, 0x3d065000, 0x65200000)
   the space 391572K,  73% used [0x25200000, 0x36c54940, 0x36c54a00, 0x3d065000)
 Metaspace       used 96565K, committed 97088K, reserved 98304K
}

